<?xml version="1.0" encoding="UTF-8"?>
<!-- Generated by org.testng.reporters.JUnitReportReporter -->
<testsuite hostname="DESKTOP-TA091CC" failures="0" tests="2" name="test.Completetest" time="10.601" errors="0" timestamp="2022-01-22T17:47:05 IST" skipped="0">
  <testcase classname="test.Completetest" name="facebook" time="4.264"/>
  <system-out/>
  <testcase classname="test.Completetest" name="sample" time="6.337"/>
  <system-out/>
</testsuite> <!-- test.Completetest -->
