<?xml version="1.0" encoding="UTF-8"?>
<!-- Generated by org.testng.reporters.JUnitReportReporter -->
<testsuite hostname="DESKTOP-TA091CC" failures="0" tests="2" name="test.Completetest" time="16.029" errors="0" timestamp="2022-02-02T14:06:55 IST" skipped="1">
  <testcase classname="test.Completetest" name="sample" time="16.029"/>
  <system-out/>
  <testcase classname="test.Completetest" name="facebook">
    <skipped/>
  </testcase> <!-- facebook -->
  <system-out/>
</testsuite> <!-- test.Completetest -->
