<?xml version="1.0" encoding="UTF-8"?>
<!-- Generated by org.testng.reporters.JUnitReportReporter -->
<testsuite hostname="DESKTOP-TA091CC" failures="0" tests="2" name="test.Completetest" time="5.835" errors="0" timestamp="2022-01-25T14:44:32 IST" skipped="1">
  <testcase classname="test.Completetest" name="facebook" time="5.835"/>
  <system-out/>
  <testcase classname="test.Completetest" name="sample">
    <skipped/>
  </testcase> <!-- sample -->
  <system-out/>
</testsuite> <!-- test.Completetest -->
