<?xml version="1.0" encoding="UTF-8"?>
<!-- Generated by org.testng.reporters.JUnitReportReporter -->
<testsuite hostname="DESKTOP-TA091CC" failures="0" tests="2" name="test.Completetest" time="18.121" errors="0" timestamp="2022-01-26T15:24:59 IST" skipped="0">
  <testcase classname="test.Completetest" name="sample" time="7.425"/>
  <system-out/>
  <testcase classname="test.Completetest" name="facebook" time="10.696"/>
  <system-out/>
</testsuite> <!-- test.Completetest -->
